# JRE version: OpenJDK Runtime Environment Corretto-17.0.1.12.1 (17.0.1+12) (build 17.0.1+12-LTS)
# Java VM: OpenJDK 64-Bit Server VM Corretto-17.0.1.12.1 (17.0.1+12-LTS, mixed mode, sharing, tiered, compressed oops, compressed class ptrs, g1 gc, windows-amd64)
GC Precious Log:
 CPUs: 4 total, 4 available
 Memory: 8097M
 Large Page Support: Disabled
 NUMA Support: Disabled
 Compressed Oops: Enabled (32-bit)
 Heap Region Size: 1M
 Heap Min Capacity: 8M
 Heap Initial Capacity: 128M
 Heap Max Capacity: 2G
 Pre-touch: Disabled
 Parallel Workers: 4
 Concurrent Workers: 1
 Concurrent Refinement Workers: 4
 Periodic GC: Disabled
Heap:
 garbage-first heap   total 460800K, used 239974K [0x0000000080000000, 0x0000000100000000)
  region size 1024K, 3 young (3072K), 3 survivors (3072K)
 Metaspace       used 132292K, committed 134656K, reserved 1171456K
  class space    used 17719K, committed 18816K, reserved 1048576K
GC Heap History (20 events):
Event: 3068.463 GC heap after
{Heap after GC invocations=61 (full 0):
 garbage-first heap   total 460800K, used 226817K [0x0000000080000000, 0x0000000100000000)
  region size 1024K, 3 young (3072K), 3 survivors (3072K)
 Metaspace       used 129033K, committed 131584K, reserved 1163264K
  class space    used 17266K, committed 18368K, reserved 1048576K
}
Event: 3073.098 GC heap before
{Heap before GC invocations=61 (full 0):
 garbage-first heap   total 460800K, used 283137K [0x0000000080000000, 0x0000000100000000)
  region size 1024K, 60 young (61440K), 3 survivors (3072K)
 Metaspace       used 129096K, committed 131584K, reserved 1163264K
  class space    used 17267K, committed 18368K, reserved 1048576K
}
Event: 3073.109 GC heap after
{Heap after GC invocations=62 (full 0):
 garbage-first heap   total 460800K, used 230836K [0x0000000080000000, 0x0000000100000000)
  region size 1024K, 7 young (7168K), 7 survivors (7168K)
 Metaspace       used 129096K, committed 131584K, reserved 1163264K
  class space    used 17267K, committed 18368K, reserved 1048576K
}
Event: 3266.359 GC heap before
{Heap before GC invocations=63 (full 0):
 garbage-first heap   total 460800K, used 406964K [0x0000000080000000, 0x0000000100000000)
  region size 1024K, 150 young (153600K), 7 survivors (7168K)
 Metaspace       used 129438K, committed 131648K, reserved 1163264K
  class space    used 17310K, committed 18368K, reserved 1048576K
}
Event: 3266.414 GC heap after
{Heap after GC invocations=64 (full 0):
 garbage-first heap   total 460800K, used 235009K [0x0000000080000000, 0x0000000100000000)
  region size 1024K, 11 young (11264K), 11 survivors (11264K)
 Metaspace       used 129438K, committed 131648K, reserved 1163264K
  class space    used 17310K, committed 18368K, reserved 1048576K
}
Event: 3266.660 GC heap before
{Heap before GC invocations=64 (full 0):
 garbage-first heap   total 460800K, used 246273K [0x0000000080000000, 0x0000000100000000)
  region size 1024K, 22 young (22528K), 11 survivors (11264K)
 Metaspace       used 129468K, committed 131648K, reserved 1163264K
  class space    used 17310K, committed 18368K, reserved 1048576K
}
Event: 3266.734 GC heap after
{Heap after GC invocations=65 (full 0):
 garbage-first heap   total 460800K, used 232760K [0x0000000080000000, 0x0000000100000000)
  region size 1024K, 3 young (3072K), 3 survivors (3072K)
 Metaspace       used 129468K, committed 131648K, reserved 1163264K
  class space    used 17310K, committed 18368K, reserved 1048576K
}
Event: 4282.149 GC heap before
{Heap before GC invocations=65 (full 0):
 garbage-first heap   total 460800K, used 380216K [0x0000000080000000, 0x0000000100000000)
  region size 1024K, 148 young (151552K), 3 survivors (3072K)
 Metaspace       used 130342K, committed 132480K, reserved 1163264K
  class space    used 17479K, committed 18496K, reserved 1048576K
}
Event: 4282.173 GC heap after
{Heap after GC invocations=66 (full 0):
 garbage-first heap   total 460800K, used 236094K [0x0000000080000000, 0x0000000100000000)
  region size 1024K, 6 young (6144K), 6 survivors (6144K)
 Metaspace       used 130342K, committed 132480K, reserved 1163264K
  class space    used 17479K, committed 18496K, reserved 1048576K
}
Event: 4294.769 GC heap before
{Heap before GC invocations=67 (full 0):
 garbage-first heap   total 460800K, used 386622K [0x0000000080000000, 0x0000000100000000)
  region size 1024K, 152 young (155648K), 6 survivors (6144K)
 Metaspace       used 131258K, committed 133504K, reserved 1171456K
  class space    used 17624K, committed 18688K, reserved 1048576K
}
Event: 4294.845 GC heap after
{Heap after GC invocations=68 (full 0):
 garbage-first heap   total 460800K, used 252484K [0x0000000080000000, 0x0000000100000000)
  region size 1024K, 19 young (19456K), 19 survivors (19456K)
 Metaspace       used 131258K, committed 133504K, reserved 1171456K
  class space    used 17624K, committed 18688K, reserved 1048576K
}
Event: 4294.876 GC heap before
{Heap before GC invocations=68 (full 0):
 garbage-first heap   total 460800K, used 255556K [0x0000000080000000, 0x0000000100000000)
  region size 1024K, 22 young (22528K), 19 survivors (19456K)
 Metaspace       used 131271K, committed 133504K, reserved 1171456K
  class space    used 17624K, committed 18688K, reserved 1048576K
}
Event: 4294.966 GC heap after
{Heap after GC invocations=69 (full 0):
 garbage-first heap   total 460800K, used 241654K [0x0000000080000000, 0x0000000100000000)
  region size 1024K, 2 young (2048K), 2 survivors (2048K)
 Metaspace       used 131271K, committed 133504K, reserved 1171456K
  class space    used 17624K, committed 18688K, reserved 1048576K
}
Event: 4295.301 GC heap before
{Heap before GC invocations=69 (full 0):
 garbage-first heap   total 460800K, used 268278K [0x0000000080000000, 0x0000000100000000)
  region size 1024K, 29 young (29696K), 2 survivors (2048K)
 Metaspace       used 131359K, committed 133632K, reserved 1171456K
  class space    used 17625K, committed 18688K, reserved 1048576K
}
Event: 4295.306 GC heap after
{Heap after GC invocations=70 (full 0):
 garbage-first heap   total 460800K, used 242038K [0x0000000080000000, 0x0000000100000000)
  region size 1024K, 3 young (3072K), 3 survivors (3072K)
 Metaspace       used 131359K, committed 133632K, reserved 1171456K
  class space    used 17625K, committed 18688K, reserved 1048576K
}
Event: 4404.074 GC heap before
{Heap before GC invocations=71 (full 0):
 garbage-first heap   total 460800K, used 398710K [0x0000000080000000, 0x0000000100000000)
  region size 1024K, 141 young (144384K), 3 survivors (3072K)
 Metaspace       used 131861K, committed 134208K, reserved 1171456K
  class space    used 17667K, committed 18816K, reserved 1048576K
}
Event: 4404.091 GC heap after
{Heap after GC invocations=72 (full 0):
 garbage-first heap   total 460800K, used 248804K [0x0000000080000000, 0x0000000100000000)
  region size 1024K, 9 young (9216K), 9 survivors (9216K)
 Metaspace       used 131861K, committed 134208K, reserved 1171456K
  class space    used 17667K, committed 18816K, reserved 1048576K
}
Event: 4404.579 GC heap before
{Heap before GC invocations=72 (full 0):
 garbage-first heap   total 460800K, used 276452K [0x0000000080000000, 0x0000000100000000)
  region size 1024K, 22 young (22528K), 9 survivors (9216K)
 Metaspace       used 131899K, committed 134208K, reserved 1171456K
  class space    used 17673K, committed 18816K, reserved 1048576K
}
Event: 4404.684 GC heap after
{Heap after GC invocations=73 (full 0):
 garbage-first heap   total 460800K, used 238908K [0x0000000080000000, 0x0000000100000000)
  region size 1024K, 2 young (2048K), 2 survivors (2048K)
 Metaspace       used 131899K, committed 134208K, reserved 1171456K
  class space    used 17673K, committed 18816K, reserved 1048576K
}
Event: 5805.994 GC heap before
{Heap before GC invocations=73 (full 0):
 garbage-first heap   total 460800K, used 382268K [0x0000000080000000, 0x0000000100000000)
  region size 1024K, 143 young (146432K), 2 survivors (2048K)
 Metaspace       used 132292K, committed 134656K, reserved 1171456K
  class space    used 17719K, committed 18816K, reserved 1048576K
}

